<?xml version="1.0" encoding="UTF-8"?>
<testsuite name="BankAccountTest" tests="2" skipped="0" failures="0" errors="0" timestamp="2021-08-26T08:27:07" hostname="MacBook-Air-de-Sara.local" time="0.025">
  <properties/>
  <testcase name="canMakeWithdraws()" classname="BankAccountTest" time="0.022"/>
  <testcase name="canMakeDeposits()" classname="BankAccountTest" time="0.001"/>
  <system-out><![CDATA[]]></system-out>
  <system-err><![CDATA[]]></system-err>
</testsuite>
