<?xml version="1.0" encoding="UTF-8"?>
<testsuite name="TransactionTest" tests="2" skipped="0" failures="0" errors="0" timestamp="2021-08-27T14:46:24" hostname="MacBook-Air-de-Sara.local" time="0.038">
  <properties/>
  <testcase name="returnsTheTransactionMadeOfADeposit()" classname="TransactionTest" time="0.033"/>
  <testcase name="returnsTheTransactionMadeOfAWithdraw()" classname="TransactionTest" time="0.003"/>
  <system-out><![CDATA[]]></system-out>
  <system-err><![CDATA[]]></system-err>
</testsuite>
