<?xml version="1.0" encoding="UTF-8"?>
<testsuite name="BankAccountTest" tests="3" skipped="0" failures="0" errors="0" timestamp="2021-08-27T14:10:18" hostname="MacBook-Air-de-Sara.local" time="0.076">
  <properties/>
  <testcase name="canMakeMultipleDeposits()" classname="BankAccountTest" time="0.057"/>
  <testcase name="canMakeDepositsAndWithdraws()" classname="BankAccountTest" time="0.005"/>
  <testcase name="It can make one deposit and print it" classname="BankAccountTest" time="0.008"/>
  <system-out><![CDATA[]]></system-out>
  <system-err><![CDATA[]]></system-err>
</testsuite>
