<?xml version="1.0" encoding="UTF-8"?>
<testsuite name="StatementTest" tests="2" skipped="0" failures="0" errors="0" timestamp="2021-08-27T12:58:34" hostname="MacBook-Air-de-Sara.local" time="0.031">
  <properties/>
  <testcase name="itCanPrintOutTwoTransactions()" classname="StatementTest" time="0.028"/>
  <testcase name="itCanPrintOutASimpleTransaction()" classname="StatementTest" time="0.002"/>
  <system-out><![CDATA[]]></system-out>
  <system-err><![CDATA[]]></system-err>
</testsuite>
