<?xml version="1.0" encoding="UTF-8"?>
<testsuite name="BankAccountTest" tests="3" skipped="0" failures="0" errors="0" timestamp="2021-08-27T13:45:57" hostname="MacBook-Air-de-Sara.local" time="0.059">
  <properties/>
  <testcase name="canMakeMultipleDeposits()" classname="BankAccountTest" time="0.046"/>
  <testcase name="canMakeDepositsAndWithdraws()" classname="BankAccountTest" time="0.008"/>
  <testcase name="canMakeDeposits()" classname="BankAccountTest" time="0.003"/>
  <system-out><![CDATA[]]></system-out>
  <system-err><![CDATA[]]></system-err>
</testsuite>
