<?xml version="1.0" encoding="UTF-8"?>
<testsuite name="BankAccountTest" tests="1" skipped="0" failures="0" errors="0" timestamp="2021-08-27T13:28:59" hostname="MacBook-Air-de-Sara.local" time="0.026">
  <properties/>
  <testcase name="canMakeDeposits()" classname="BankAccountTest" time="0.026"/>
  <system-out><![CDATA[]]></system-out>
  <system-err><![CDATA[]]></system-err>
</testsuite>
